Build started 02.11.2017 9:32:22.
     1>Project "D:\КЕП\ООП Курсовий\CourseProjectOOP\CourseProjectOOP\CourseProjectOOP.vcxproj" on node 2 (Build target(s)).
     1>ClCompile:
         C:\Program Files (x86)\Microsoft Visual Studio 11.0\VC\bin\CL.exe /c /AI"C:\Program Files (x86)\Reference Assemblies\Microsoft\Framework\.NETFramework\v4.6.1\\" /AI"C:\Program Files (x86)\Windows Kits\8.0\References\CommonConfiguration\Neutral" /AI"C:\Program Files (x86)\Reference Assemblies\Microsoft\Framework\.NETFramework\v4.6.1\Facades\\" /Zi /clr:pure /nologo /W3 /WX- /Od /Oy- /D WIN32 /D _DEBUG /D _UNICODE /D UNICODE /EHa /MDd /GS /fp:precise /Zc:wchar_t /Zc:forScope /Yc"stdafx.h" /Fp"Debug\CourseProjectOOP.pch" /Fo"Debug\\" /Fd"Debug\vc110.pdb" /TP /FU"C:\Program Files (x86)\Reference Assemblies\Microsoft\Framework\.NETFramework\v4.6.1\mscorlib.dll" /FU"C:\Program Files (x86)\Reference Assemblies\Microsoft\Framework\.NETFramework\v4.6.1\System.Data.dll" /FU"C:\Program Files (x86)\Reference Assemblies\Microsoft\Framework\.NETFramework\v4.6.1\System.dll" /FU"C:\Program Files (x86)\Reference Assemblies\Microsoft\Framework\.NETFramework\v4.6.1\System.Drawing.dll" /FU"C:\Program Files (x86)\Reference Assemblies\Microsoft\Framework\.NETFramework\v4.6.1\System.Windows.Forms.dll" /FU"C:\Program Files (x86)\Reference Assemblies\Microsoft\Framework\.NETFramework\v4.6.1\System.Xml.dll" /analyze- /errorReport:prompt stdafx.cpp
         stdafx.cpp
         C:\Program Files (x86)\Microsoft Visual Studio 11.0\VC\bin\CL.exe /c /AI"C:\Program Files (x86)\Reference Assemblies\Microsoft\Framework\.NETFramework\v4.6.1\\" /AI"C:\Program Files (x86)\Windows Kits\8.0\References\CommonConfiguration\Neutral" /AI"C:\Program Files (x86)\Reference Assemblies\Microsoft\Framework\.NETFramework\v4.6.1\Facades\\" /Zi /clr:pure /nologo /W3 /WX- /Od /Oy- /D WIN32 /D _DEBUG /D _UNICODE /D UNICODE /EHa /MDd /GS /fp:precise /Zc:wchar_t /Zc:forScope /Yu"stdafx.h" /Fp"Debug\CourseProjectOOP.pch" /Fo"Debug\\" /Fd"Debug\vc110.pdb" /TP /FU"C:\Program Files (x86)\Reference Assemblies\Microsoft\Framework\.NETFramework\v4.6.1\mscorlib.dll" /FU"C:\Program Files (x86)\Reference Assemblies\Microsoft\Framework\.NETFramework\v4.6.1\System.Data.dll" /FU"C:\Program Files (x86)\Reference Assemblies\Microsoft\Framework\.NETFramework\v4.6.1\System.dll" /FU"C:\Program Files (x86)\Reference Assemblies\Microsoft\Framework\.NETFramework\v4.6.1\System.Drawing.dll" /FU"C:\Program Files (x86)\Reference Assemblies\Microsoft\Framework\.NETFramework\v4.6.1\System.Windows.Forms.dll" /FU"C:\Program Files (x86)\Reference Assemblies\Microsoft\Framework\.NETFramework\v4.6.1\System.Xml.dll" /analyze- /errorReport:prompt AssemblyInfo.cpp CourseProjectOOP.cpp HelpAboutForm.cpp MainForm.cpp SelectForm.cpp
         AssemblyInfo.cpp
         CourseProjectOOP.cpp
     1>d:\кеп\ооп курсовий\courseprojectoop\courseprojectoop\MainForm.h(403): warning C4244: аргумент: преобразование "double" в "int", возможна потеря данных
     1>d:\кеп\ооп курсовий\courseprojectoop\courseprojectoop\MainForm.h(411): warning C4244: аргумент: преобразование "double" в "int", возможна потеря данных
     1>d:\кеп\ооп курсовий\courseprojectoop\courseprojectoop\MainForm.h(492): warning C4244: +=: преобразование "double" в "int", возможна потеря данных
     1>d:\кеп\ооп курсовий\courseprojectoop\courseprojectoop\MainForm.h(496): warning C4244: +=: преобразование "double" в "int", возможна потеря данных
     1>d:\кеп\ооп курсовий\courseprojectoop\courseprojectoop\MainForm.h(559): warning C4244: +=: преобразование "double" в "int", возможна потеря данных
         HelpAboutForm.cpp
         MainForm.cpp
     1>d:\кеп\ооп курсовий\courseprojectoop\courseprojectoop\MainForm.h(403): warning C4244: аргумент: преобразование "double" в "int", возможна потеря данных
     1>d:\кеп\ооп курсовий\courseprojectoop\courseprojectoop\MainForm.h(411): warning C4244: аргумент: преобразование "double" в "int", возможна потеря данных
     1>d:\кеп\ооп курсовий\courseprojectoop\courseprojectoop\MainForm.h(492): warning C4244: +=: преобразование "double" в "int", возможна потеря данных
     1>d:\кеп\ооп курсовий\courseprojectoop\courseprojectoop\MainForm.h(496): warning C4244: +=: преобразование "double" в "int", возможна потеря данных
     1>d:\кеп\ооп курсовий\courseprojectoop\courseprojectoop\MainForm.h(559): warning C4244: +=: преобразование "double" в "int", возможна потеря данных
         SelectForm.cpp
         Создание кода...
     1>d:\кеп\ооп курсовий\courseprojectoop\courseprojectoop\mainform.h(664): warning C4715: CourseProjectOOP::MainForm::editingRowIndexInTable: значение возвращается не при всех путях выполнения
     1>d:\кеп\ооп курсовий\courseprojectoop\courseprojectoop\mainform.h(664): warning C4715: CourseProjectOOP::MainForm::editingRowIndexInTable: значение возвращается не при всех путях выполнения
         C:\Program Files (x86)\Microsoft Visual Studio 11.0\VC\bin\CL.exe /c /Zi /clr:pure /nologo /W3 /WX- /Od /Oy- /D WIN32 /D _DEBUG /D _UNICODE /D UNICODE /EHa /MDd /GS /fp:precise /Zc:wchar_t /Zc:forScope /Fo"Debug\\" /Fd"Debug\vc110.pdb" /TP /analyze- /errorReport:prompt "C:\Users\Vika\AppData\Local\Temp\.NETFramework,Version=v4.6.1.AssemblyAttributes.cpp"
         .NETFramework,Version=v4.6.1.AssemblyAttributes.cpp
       ResourceCompile:
         C:\Program Files (x86)\Windows Kits\8.0\bin\x86\rc.exe /D _UNICODE /D UNICODE /l"0x0409" /nologo /fo"Debug\app.res" app.rc 
       Link:
         C:\Program Files (x86)\Microsoft Visual Studio 11.0\VC\bin\link.exe /ERRORREPORT:PROMPT /OUT:"D:\КЕП\ООП Курсовий\CourseProjectOOP\Debug\CourseProjectOOP.exe" /INCREMENTAL /NOLOGO /ASSEMBLYRESOURCE:Debug\CourseProjectOOP.Form1.resources /ASSEMBLYRESOURCE:Debug\CourseProjectOOP.HelpAboutForm.resources /ASSEMBLYRESOURCE:Debug\CourseProjectOOP.MainForm.resources /ASSEMBLYRESOURCE:Debug\CourseProjectOOP.SelectForm.resources /MANIFEST /MANIFESTUAC:"level='asInvoker' uiAccess='false'" /manifest:embed /DEBUG /PDB:"D:\КЕП\ООП Курсовий\CourseProjectOOP\Debug\CourseProjectOOP.pdb" /ASSEMBLYDEBUG /SUBSYSTEM:WINDOWS /TLBID:1 /ENTRY:"main" /DYNAMICBASE /FIXED:NO /NXCOMPAT /MACHINE:X86 Debug\app.res
         Debug\AssemblyInfo.obj
         Debug\CourseProjectOOP.obj
         Debug\HelpAboutForm.obj
         Debug\MainForm.obj
         Debug\SelectForm.obj
         Debug\stdafx.obj
         "Debug\.NETFramework,Version=v4.6.1.AssemblyAttributes.obj"
         CourseProjectOOP.vcxproj -> D:\КЕП\ООП Курсовий\CourseProjectOOP\Debug\CourseProjectOOP.exe
     1>Done Building Project "D:\КЕП\ООП Курсовий\CourseProjectOOP\CourseProjectOOP\CourseProjectOOP.vcxproj" (Build target(s)).

Build succeeded.

Time Elapsed 00:00:03.20
